0 info it worked if it ends with ok
1 verbose cli [ '/opt/boxen/nodenv/versions/v0.8/bin/node',
1 verbose cli   '/opt/boxen/nodenv/versions/v0.8/bin/npm',
1 verbose cli   'install',
1 verbose cli   '-g',
1 verbose cli   'karma',
1 verbose cli   'grunt-cli',
1 verbose cli   'bower' ]
2 info using npm@1.1.59
3 info using node@v0.8.8
4 verbose node symlink /opt/boxen/nodenv/versions/v0.8/bin/node
5 verbose read json /opt/boxen/nodenv/versions/v0.8/lib/package.json
6 verbose read json /opt/boxen/nodenv/versions/v0.8/lib/package.json
7 verbose cache add [ 'karma', null ]
8 silly cache add name=undefined spec="karma" args=["karma",null]
9 verbose parsed url { pathname: 'karma', path: 'karma', href: 'karma' }
10 verbose cache add [ 'grunt-cli', null ]
11 silly cache add name=undefined spec="grunt-cli" args=["grunt-cli",null]
12 verbose parsed url { pathname: 'grunt-cli', path: 'grunt-cli', href: 'grunt-cli' }
13 verbose cache add [ 'bower', null ]
14 silly cache add name=undefined spec="bower" args=["bower",null]
15 verbose parsed url { pathname: 'bower', path: 'bower', href: 'bower' }
16 silly lockFile 512423cb-karma karma
17 verbose lock karma /Users/hackreactor/.npm/512423cb-karma.lock
18 silly lockFile 671ef8ac-grunt-cli grunt-cli
19 verbose lock grunt-cli /Users/hackreactor/.npm/671ef8ac-grunt-cli.lock
20 silly lockFile 206e3ce5-bower bower
21 verbose lock bower /Users/hackreactor/.npm/206e3ce5-bower.lock
22 silly lockFile 512423cb-karma karma
23 silly lockFile 206e3ce5-bower bower
24 silly lockFile 671ef8ac-grunt-cli grunt-cli
25 verbose addNamed [ 'karma', '' ]
26 verbose addNamed [ null, '' ]
27 silly lockFile cd7961bb-karma karma@
28 verbose lock karma@ /Users/hackreactor/.npm/cd7961bb-karma.lock
29 verbose addNamed [ 'bower', '' ]
30 verbose addNamed [ null, '' ]
31 silly lockFile 1240aab1-bower bower@
32 verbose lock bower@ /Users/hackreactor/.npm/1240aab1-bower.lock
33 verbose addNamed [ 'grunt-cli', '' ]
34 verbose addNamed [ null, '' ]
35 silly lockFile d63f3d0b-grunt-cli grunt-cli@
36 verbose lock grunt-cli@ /Users/hackreactor/.npm/d63f3d0b-grunt-cli.lock
37 silly addNameRange { name: 'karma', range: '', hasData: false }
38 silly addNameRange { name: 'bower', range: '', hasData: false }
39 silly addNameRange { name: 'grunt-cli', range: '', hasData: false }
40 verbose url raw grunt-cli
41 verbose url resolving [ 'https://registry.npmjs.org/', './grunt-cli' ]
42 verbose url resolved https://registry.npmjs.org/grunt-cli
43 info retry registry request attempt 1 at 14:18:08
44 verbose etag "40B8A22AJPA44CFE4BR8S2OKU"
45 http GET https://registry.npmjs.org/grunt-cli
46 verbose url raw karma
47 verbose url resolving [ 'https://registry.npmjs.org/', './karma' ]
48 verbose url resolved https://registry.npmjs.org/karma
49 info retry registry request attempt 1 at 14:18:08
50 verbose etag "5UFO7UXOXU8MMWK2S7WB5C3AK"
51 http GET https://registry.npmjs.org/karma
52 verbose url raw bower
53 verbose url resolving [ 'https://registry.npmjs.org/', './bower' ]
54 verbose url resolved https://registry.npmjs.org/bower
55 info retry registry request attempt 1 at 14:18:08
56 verbose etag "7VG0LXJRJRWK3SJBXV2YINGMK"
57 http GET https://registry.npmjs.org/bower
58 http 304 https://registry.npmjs.org/karma
59 silly registry.get cb [ 304,
59 silly registry.get   { server: 'CouchDB/1.3.1 (Erlang OTP/R15B03)',
59 silly registry.get     etag: '"5UFO7UXOXU8MMWK2S7WB5C3AK"',
59 silly registry.get     date: 'Thu, 19 Sep 2013 21:18:09 GMT',
59 silly registry.get     'content-length': '0' } ]
60 verbose etag karma from cache
61 silly addNameRange number 2 { name: 'karma', range: '', hasData: true }
62 silly addNameRange versions [ 'karma',
62 silly addNameRange   [ '0.8.0',
62 silly addNameRange     '0.9.0-dart',
62 silly addNameRange     '0.8.1',
62 silly addNameRange     '0.8.2',
62 silly addNameRange     '0.8.3',
62 silly addNameRange     '0.9.0',
62 silly addNameRange     '0.8.4',
62 silly addNameRange     '0.9.1',
62 silly addNameRange     '0.8.5',
62 silly addNameRange     '0.9.2',
62 silly addNameRange     '0.9.2-dart',
62 silly addNameRange     '0.9.3',
62 silly addNameRange     '0.8.6',
62 silly addNameRange     '0.9.4',
62 silly addNameRange     '0.8.7',
62 silly addNameRange     '0.9.5',
62 silly addNameRange     '0.9.6',
62 silly addNameRange     '0.8.8',
62 silly addNameRange     '0.9.7',
62 silly addNameRange     '0.9.8',
62 silly addNameRange     '0.10.0',
62 silly addNameRange     '0.10.1',
62 silly addNameRange     '0.10.2',
62 silly addNameRange     '0.11.0' ] ]
63 verbose addNamed [ 'karma', '0.10.2' ]
64 verbose addNamed [ '0.10.2', '0.10.2' ]
65 silly lockFile 81afe04f-karma-0-10-2 karma@0.10.2
66 verbose lock karma@0.10.2 /Users/hackreactor/.npm/81afe04f-karma-0-10-2.lock
67 verbose read json /Users/hackreactor/.npm/karma/0.10.2/package/package.json
68 http 200 https://registry.npmjs.org/grunt-cli
69 silly registry.get cb [ 200,
69 silly registry.get   { vary: 'Accept',
69 silly registry.get     server: 'CouchDB/1.3.1 (Erlang OTP/R15B03)',
69 silly registry.get     etag: '"9EJOYE8EFRC0WD2KB69TFY1IP"',
69 silly registry.get     date: 'Thu, 19 Sep 2013 21:18:09 GMT',
69 silly registry.get     'content-type': 'application/json',
69 silly registry.get     'content-length': '22889' } ]
70 silly addNameRange number 2 { name: 'grunt-cli', range: '', hasData: true }
71 silly addNameRange versions [ 'grunt-cli',
71 silly addNameRange   [ '0.1.0',
71 silly addNameRange     '0.1.1',
71 silly addNameRange     '0.1.2',
71 silly addNameRange     '0.1.3',
71 silly addNameRange     '0.1.4',
71 silly addNameRange     '0.1.5',
71 silly addNameRange     '0.1.6',
71 silly addNameRange     '0.1.7',
71 silly addNameRange     '0.1.8',
71 silly addNameRange     '0.1.9' ] ]
72 verbose addNamed [ 'grunt-cli', '0.1.9' ]
73 verbose addNamed [ '0.1.9', '0.1.9' ]
74 silly lockFile 8faf2ed8-grunt-cli-0-1-9 grunt-cli@0.1.9
75 verbose lock grunt-cli@0.1.9 /Users/hackreactor/.npm/8faf2ed8-grunt-cli-0-1-9.lock
76 verbose read json /Users/hackreactor/.npm/grunt-cli/0.1.9/package/package.json
77 silly lockFile 81afe04f-karma-0-10-2 karma@0.10.2
78 silly lockFile cd7961bb-karma karma@
79 silly lockFile 8faf2ed8-grunt-cli-0-1-9 grunt-cli@0.1.9
80 silly lockFile d63f3d0b-grunt-cli grunt-cli@
81 http 200 https://registry.npmjs.org/bower
82 silly registry.get cb [ 200,
82 silly registry.get   { vary: 'Accept',
82 silly registry.get     server: 'CouchDB/1.3.1 (Erlang OTP/R15B03)',
82 silly registry.get     etag: '"22WJW6THL7B04GM2KS8FV489O"',
82 silly registry.get     date: 'Thu, 19 Sep 2013 21:18:09 GMT',
82 silly registry.get     'content-type': 'application/json',
82 silly registry.get     'content-length': '625950' } ]
83 silly addNameRange number 2 { name: 'bower', range: '', hasData: true }
84 silly addNameRange versions [ 'bower',
84 silly addNameRange   [ '0.1.0',
84 silly addNameRange     '0.1.2',
84 silly addNameRange     '0.1.3',
84 silly addNameRange     '0.2.0',
84 silly addNameRange     '0.3.0',
84 silly addNameRange     '0.3.1',
84 silly addNameRange     '0.3.2',
84 silly addNameRange     '0.4.0',
84 silly addNameRange     '0.5.0',
84 silly addNameRange     '0.5.1',
84 silly addNameRange     '0.6.0',
84 silly addNameRange     '0.6.1',
84 silly addNameRange     '0.6.2',
84 silly addNameRange     '0.6.3',
84 silly addNameRange     '0.6.4',
84 silly addNameRange     '0.6.5',
84 silly addNameRange     '0.6.6',
84 silly addNameRange     '0.6.7',
84 silly addNameRange     '0.6.8',
84 silly addNameRange     '0.7.0',
84 silly addNameRange     '0.7.1',
84 silly addNameRange     '0.8.0',
84 silly addNameRange     '0.8.1',
84 silly addNameRange     '0.8.2',
84 silly addNameRange     '0.8.3',
84 silly addNameRange     '0.8.4',
84 silly addNameRange     '0.8.5',
84 silly addNameRange     '0.8.6',
84 silly addNameRange     '0.9.0',
84 silly addNameRange     '0.9.1',
84 silly addNameRange     '0.9.2',
84 silly addNameRange     '0.10.0',
84 silly addNameRange     '1.0.0',
84 silly addNameRange     '1.0.1',
84 silly addNameRange     '1.0.2',
84 silly addNameRange     '1.0.3',
84 silly addNameRange     '1.1.0',
84 silly addNameRange     '1.1.1',
84 silly addNameRange     '1.1.2',
84 silly addNameRange     '1.2.0',
84 silly addNameRange     '1.2.1',
84 silly addNameRange     '1.2.2',
84 silly addNameRange     '1.2.3',
84 silly addNameRange     '1.2.4',
84 silly addNameRange     '1.2.5',
84 silly addNameRange     '1.2.6' ] ]
85 verbose addNamed [ 'bower', '1.2.6' ]
86 verbose addNamed [ '1.2.6', '1.2.6' ]
87 silly lockFile 0ffe99e1-bower-1-2-6 bower@1.2.6
88 verbose lock bower@1.2.6 /Users/hackreactor/.npm/0ffe99e1-bower-1-2-6.lock
89 verbose read json /Users/hackreactor/.npm/bower/1.2.6/package/package.json
90 silly lockFile 0ffe99e1-bower-1-2-6 bower@1.2.6
91 silly lockFile 1240aab1-bower bower@
92 silly resolved [ { name: 'karma',
92 silly resolved     description: 'Spectacular Test Runner for JavaScript.',
92 silly resolved     homepage: 'http://karma-runner.github.io/',
92 silly resolved     repository: { type: 'git', url: 'git://github.com/karma-runner/karma.git' },
92 silly resolved     bugs: { url: 'https://github.com/karma-runner/karma/issues' },
92 silly resolved     keywords:
92 silly resolved      [ 'karma',
92 silly resolved        'spectacular',
92 silly resolved        'runner',
92 silly resolved        'karma',
92 silly resolved        'js',
92 silly resolved        'javascript',
92 silly resolved        'testing',
92 silly resolved        'test',
92 silly resolved        'remote',
92 silly resolved        'execution' ],
92 silly resolved     author: { name: 'Vojta Jína', email: 'vojta.jina@gmail.com' },
92 silly resolved     contributors:
92 silly resolved      [ [Object],
92 silly resolved        [Object],
92 silly resolved        [Object],
92 silly resolved        [Object],
92 silly resolved        [Object],
92 silly resolved        [Object],
92 silly resolved        [Object],
92 silly resolved        [Object],
92 silly resolved        [Object],
92 silly resolved        [Object],
92 silly resolved        [Object],
92 silly resolved        [Object],
92 silly resolved        [Object],
92 silly resolved        [Object],
92 silly resolved        [Object],
92 silly resolved        [Object],
92 silly resolved        [Object],
92 silly resolved        [Object],
92 silly resolved        [Object],
92 silly resolved        [Object],
92 silly resolved        [Object],
92 silly resolved        [Object],
92 silly resolved        [Object],
92 silly resolved        [Object],
92 silly resolved        [Object],
92 silly resolved        [Object],
92 silly resolved        [Object],
92 silly resolved        [Object],
92 silly resolved        [Object],
92 silly resolved        [Object],
92 silly resolved        [Object],
92 silly resolved        [Object],
92 silly resolved        [Object],
92 silly resolved        [Object],
92 silly resolved        [Object],
92 silly resolved        [Object],
92 silly resolved        [Object],
92 silly resolved        [Object],
92 silly resolved        [Object],
92 silly resolved        [Object],
92 silly resolved        [Object],
92 silly resolved        [Object],
92 silly resolved        [Object],
92 silly resolved        [Object],
92 silly resolved        [Object],
92 silly resolved        [Object],
92 silly resolved        [Object],
92 silly resolved        [Object],
92 silly resolved        [Object],
92 silly resolved        [Object],
92 silly resolved        [Object],
92 silly resolved        [Object],
92 silly resolved        [Object],
92 silly resolved        [Object],
92 silly resolved        [Object],
92 silly resolved        [Object],
92 silly resolved        [Object],
92 silly resolved        [Object],
92 silly resolved        [Object],
92 silly resolved        [Object],
92 silly resolved        [Object],
92 silly resolved        [Object] ],
92 silly resolved     dependencies:
92 silly resolved      { di: '~0.0.1',
92 silly resolved        'socket.io': '~0.9.13',
92 silly resolved        chokidar: '~0.6',
92 silly resolved        glob: '~3.1.21',
92 silly resolved        minimatch: '~0.2',
92 silly resolved        'http-proxy': '~0.10',
92 silly resolved        optimist: '~0.3',
92 silly resolved        'coffee-script': '~1.6',
92 silly resolved        rimraf: '~2.1',
92 silly resolved        q: '~0.9',
92 silly resolved        colors: '0.6.0-1',
92 silly resolved        lodash: '~1.1',
92 silly resolved        mime: '~1.2',
92 silly resolved        log4js: '~0.6.3',
92 silly resolved        useragent: '~2.0.4',
92 silly resolved        'graceful-fs': '~1.2.1',
92 silly resolved        connect: '~2.8.4' },
92 silly resolved     peerDependencies:
92 silly resolved      { 'karma-jasmine': '*',
92 silly resolved        'karma-requirejs': '*',
92 silly resolved        'karma-coffee-preprocessor': '*',
92 silly resolved        'karma-html2js-preprocessor': '*',
92 silly resolved        'karma-chrome-launcher': '*',
92 silly resolved        'karma-firefox-launcher': '*',
92 silly resolved        'karma-phantomjs-launcher': '*',
92 silly resolved        'karma-script-launcher': '*' },
92 silly resolved     devDependencies:
92 silly resolved      { grunt: '~0.4',
92 silly resolved        'grunt-simple-mocha': 'git://github.com/yaymukund/grunt-simple-mocha.git',
92 silly resolved        'grunt-contrib-jshint': '~0.3',
92 silly resolved        'grunt-coffeelint': '~0.0.6',
92 silly resolved        'grunt-npm': '~0.0.1',
92 silly resolved        'grunt-bump': '~0.0.10',
92 silly resolved        'grunt-conventional-changelog': '~1.0.0',
92 silly resolved        'grunt-auto-release': '~0.0.3',
92 silly resolved        mocks: '~0.0.10',
92 silly resolved        which: '~1.0',
92 silly resolved        'sinon-chai': '~2.3',
92 silly resolved        chai: '~1.5',
92 silly resolved        mocha: '~1.8',
92 silly resolved        sinon: '~1.6',
92 silly resolved        'timer-shim': '~0.2',
92 silly resolved        'chai-as-promised': '~3.2',
92 silly resolved        qq: '~0.3',
92 silly resolved        'karma-jasmine': '*',
92 silly resolved        'karma-mocha': '*',
92 silly resolved        'karma-qunit': '*',
92 silly resolved        'karma-coverage': '*',
92 silly resolved        'karma-requirejs': '*',
92 silly resolved        'karma-growl-reporter': '*',
92 silly resolved        'karma-junit-reporter': '*',
92 silly resolved        'karma-chrome-launcher': '*',
92 silly resolved        'karma-firefox-launcher': '*',
92 silly resolved        'karma-sauce-launcher': '*',
92 silly resolved        'karma-phantomjs-launcher': '*',
92 silly resolved        'karma-ng-scenario': '*',
92 silly resolved        'karma-coffee-preprocessor': '*',
92 silly resolved        'karma-html2js-preprocessor': '*',
92 silly resolved        'karma-browserstack-launcher': 'git://github.com/karma-runner/karma-browserstack-launcher.git',
92 silly resolved        semver: '~1.1.4',
92 silly resolved        'grunt-contrib-watch': '~0.5.0' },
92 silly resolved     main: './lib/index',
92 silly resolved     bin: { karma: './bin/karma' },
92 silly resolved     engines: { node: '~0.8 || ~0.10' },
92 silly resolved     version: '0.10.2',
92 silly resolved     readme: '# Karma [![Build Status](https://secure.travis-ci.org/karma-runner/karma.png?branch=master)](http://travis-ci.org/karma-runner/karma)\n\nA simple tool that allows you to execute JavaScript code in multiple\n_real_ browsers, powered by [Node.js] and [Socket.io].\n\n> The main purpose of Karma is to make your TDD development easy,\n>  fast, and fun.\n\n## When should I use Karma?\n\n* You want to test code in *real* browsers.\n* You want to test code in multiple browsers (desktop, mobile,\n  tablets, etc.).\n* You want to execute your tests locally during development.\n* You want to execute your tests on a continuous integration server.\n* You want to execute your tests on every save.\n* You love your terminal.\n* You don\'t want your (testing) life to suck.\n* You want to use [Istanbul] to automagically generate coverage\n  reports.\n* You want to use [RequireJS] for your source files.\n\n\n## But I still want to use \\_insert testing library\\_\n\nKarma is not a testing framework, neither an assertion library,\nso for that you can use pretty much anything you like. Right now out\nof the box there is support for\n\n* [Mocha]\n* [Jasmine]\n* [QUnit]\n* \\_anything else\\_ Write your own adapter. It\'s not that hard. And we\n  are here to help.\n\n\n## Which Browsers can I use?\n\nAll the major browsers are supported, if you want to know more see the\n[Browsers] page.\n\n\n## I want to use it. Where do I sign?\n\nYou don\'t need to sign anything but here are some resources to help\nyou to get started. And if you need even more infos have a look at our\ngreat [website].\n\n### Obligatory Screencast.\n\nEvery serious project has a screencast, so here is ours.  Just click\n[here] and let the show begin.\n\n### NPM Installation.\n\nIf you have [Node.js] installed, it\'s as simple as\n\n```bash\n$ npm install -g karma\n```\n\nThis will give you the latest stable version available on npm. If you\nwant to live life on the edge you can do so by\n\n```bash\n$ npm install -g karma@canary\n```\n\nThe curious can have a look at the documentation articles for\n[Getting Started] and [Versioning].\n\n### Using it.\n\nGo into your project and create a Karma configuration. That is\njust a simple JavaScript or CoffeeScript file that tells Karma\nwhere all the awesomeness of your project are.\n\nYou can find a simple example in\n[test/client/karma.conf.js](https://github.com/karma-runner/karma/blob/master/test/client/karma.conf.js)\nwhich contains most of the options.\n\nTo create your own from scratch there is the `init` command, which\nwill be named `karma.conf.js` by default:\n\n```bash\n$ karma init\n```\nThis will ask you many questions and if you answered them all correct\nyou will be allowed to use Karma.\n\nFor more information on the configuration options see\n[Configuration File Overview].\n\nNow that you have your configuration all that is left to do is to\nstart Karma:\n```bash\n$ karma start\n```\n\nIf you want to run tests manually (without auto watching file changes), you can:\n```bash\n$ karma run\n```\nBut only if you have started the Karma server before.\n\n\n## Why did you create this?\n\nThroughout the development of [AngularJS], we\'ve been using [JSTD] for\ntesting. I really think that JSTD is a great idea. Unfortunately, we\nhad many problems with JSTD, so we decided to write our own test\nrunner based on the same idea. We wanted a simple tool just for\nexecuting JavaScript tests that is both stable and fast. That\'s why we\nuse the awesome [Socket.io] library and [Node.js].\n\n\n## I still don\'t get it. Where can I get help?\n\n* [Docs]\n* [Mailing List]\n* [Issuetracker]\n* [@JsKarma] on Twitter\n\n## This is so great. I want to help.\n\nSee\n[Contributing.md](https://github.com/karma-runner/karma/blob/master/CONTRIBUTING.md)\nor the [docs] for more information.\n\n\n## My boss wants a license. So where is it?\n\n### The MIT License\n\n> Copyright (C) 2011-2013 Vojta Jína.\n>\n> Permission is hereby granted, free of charge, to any person\n> obtaining a copy of this software and associated documentation files\n> (the "Software"), to deal in the Software without restriction,\n> including without limitation the rights to use, copy, modify, merge,\n> publish, distribute, sublicense, and/or sell copies of the Software,\n> and to permit persons to whom the Software is furnished to do so,\n> subject to the following conditions:\n>\n> The above copyright notice and this permission notice shall be\n> included in all copies or substantial portions of the Software.\n>\n> THE SOFTWARE IS PROVIDED "AS IS", WITHOUT WARRANTY OF ANY KIND,\n> EXPRESS OR IMPLIED, INCLUDING BUT NOT LIMITED TO THE WARRANTIES OF\n> MERCHANTABILITY, FITNESS FOR A PARTICULAR PURPOSE AND\n> NONINFRINGEMENT. IN NO EVENT SHALL THE AUTHORS OR COPYRIGHT HOLDERS\n> BE LIABLE FOR ANY CLAIM, DAMAGES OR OTHER LIABILITY, WHETHER IN AN\n> ACTION OF CONTRACT, TORT OR OTHERWISE, ARISING FROM, OUT OF OR IN\n> CONNECTION WITH THE SOFTWARE OR THE USE OR OTHER DEALINGS IN THE\n> SOFTWARE.\n\n\n\n[AngularJS]: http://angularjs.org/\n[JSTD]: http://code.google.com/p/js-test-driver/\n[Socket.io]: http://socket.io/\n[Node.js]: http://nodejs.org/\n[Jasmine]: http://pivotal.github.io/jasmine/\n[Mocha]: http://visionmedia.github.io/mocha/\n[QUnit]: http://qunitjs.com/\n[here]: http://www.youtube.com/watch?v=MVw8N3hTfCI\n[Mailing List]: https://groups.google.com/forum/#!forum/karma-users\n[Issuetracker]: https://github.com/karma-runner/karma/issues\n[@JsKarma]: http://twitter.com/JsKarma\n[RequireJS]: http://requirejs.org/\n[Istanbul]: https://github.com/gotwarlost/istanbul\n\n[Browsers]: http://karma-runner.github.io/0.8/config/browsers.html\n[Versioning]: http://karma-runner.github.io/0.8/about/versioning.html\n[Configuration File Overview]: http://karma-runner.github.io/0.8/config/configuration-file.html\n[docs]: http://karma-runner.github.io\n[Docs]: http://karma-runner.github.io\n[website]: http://karma-runner.github.io\n',
92 silly resolved     _id: 'karma@0.10.2',
92 silly resolved     _from: 'karma' },
92 silly resolved   { name: 'grunt-cli',
92 silly resolved     description: 'The grunt command line interface.',
92 silly resolved     version: '0.1.9',
92 silly resolved     author: { name: 'Grunt Team' },
92 silly resolved     homepage: 'http://gruntjs.com/',
92 silly resolved     repository: { type: 'git', url: 'git://github.com/gruntjs/grunt-cli.git' },
92 silly resolved     bugs: { url: 'http://github.com/gruntjs/grunt-cli/issues' },
92 silly resolved     licenses: [ [Object] ],
92 silly resolved     bin: { grunt: 'bin/grunt' },
92 silly resolved     engines: { node: '>= 0.8.0' },
92 silly resolved     scripts: { test: 'node bin/grunt test' },
92 silly resolved     preferGlobal: true,
92 silly resolved     dependencies: { nopt: '~1.0.10', 'findup-sync': '~0.1.0', resolve: '~0.3.1' },
92 silly resolved     devDependencies: { grunt: '~0.4.0', 'grunt-contrib-jshint': '~0.2.0' },
92 silly resolved     contributors: [ [Object], [Object], [Object], [Object] ],
92 silly resolved     readme: '# grunt-cli [![Build Status](https://secure.travis-ci.org/gruntjs/grunt-cli.png?branch=master)](http://travis-ci.org/gruntjs/grunt-cli)\n> The Grunt command line interface.\n\nInstall this globally and you\'ll have access to the `grunt` command anywhere on your system.\n\n```shell\nnpm install -g grunt-cli\n```\n\n**Note:** The job of the `grunt` command is to load and run the version of Grunt you have installed locally to your project, irrespective of its version.  Starting with Grunt v0.4, you should never install Grunt itself globally.  For more information about why, [please read this](http://blog.nodejs.org/2011/03/23/npm-1-0-global-vs-local-installation).\n\nSee the [Getting Started](http://gruntjs.com/getting-started) guide for more information.\n\n## Shell tab auto-completion\nTo enable bash tab auto-completion for Grunt, add the following line to your `~/.bashrc` file. Currently, the only supported shell is bash.\n\n```bash\neval "$(grunt --completion=bash)"\n```\n\n## Installing grunt-cli locally\nIf you don\'t have administrator rights, you may need to install grunt-cli locally to your project using `npm install grunt-cli --save-dev`.  Unfortunately, this will not put the `grunt` executable in your PATH.  You\'ll need to specify its explicit location when executing it, eg: `./node_modules/.bin/grunt`,\n\nNote: Using grunt-cli in this way is unsupported.\n',
92 silly resolved     _id: 'grunt-cli@0.1.9',
92 silly resolved     _from: 'grunt-cli' },
92 silly resolved   { name: 'bower',
92 silly resolved     version: '1.2.6',
92 silly resolved     description: 'The browser package manager.',
92 silly resolved     author: { name: 'Twitter' },
92 silly resolved     licenses: [ [Object] ],
92 silly resolved     repository: { type: 'git', url: 'git://github.com/bower/bower.git' },
92 silly resolved     main: 'lib',
92 silly resolved     homepage: 'http://bower.io',
92 silly resolved     engines: { node: '>=0.8.0' },
92 silly resolved     dependencies:
92 silly resolved      { abbrev: '~1.0.4',
92 silly resolved        archy: '0.0.2',
92 silly resolved        'bower-config': '~0.5.0',
92 silly resolved        'bower-endpoint-parser': '~0.2.0',
92 silly resolved        'bower-json': '~0.4.0',
92 silly resolved        'bower-logger': '~0.2.1',
92 silly resolved        'bower-registry-client': '~0.1.4',
92 silly resolved        cardinal: '~0.4.0',
92 silly resolved        chalk: '~0.2.0',
92 silly resolved        chmodr: '~0.1.0',
92 silly resolved        fstream: '~0.1.22',
92 silly resolved        'fstream-ignore': '~0.0.6',
92 silly resolved        glob: '~3.2.1',
92 silly resolved        'graceful-fs': '~2.0.0',
92 silly resolved        handlebars: '~1.0.11',
92 silly resolved        inquirer: '~0.3.0',
92 silly resolved        junk: '~0.2.0',
92 silly resolved        mkdirp: '~0.3.5',
92 silly resolved        mout: '~0.6.0',
92 silly resolved        nopt: '~2.1.1',
92 silly resolved        'lru-cache': '~2.3.0',
92 silly resolved        open: '~0.0.3',
92 silly resolved        osenv: '0.0.3',
92 silly resolved        promptly: '~0.2.0',
92 silly resolved        q: '~0.9.2',
92 silly resolved        request: '~2.27.0',
92 silly resolved        'request-progress': '~0.3.0',
92 silly resolved        retry: '~0.6.0',
92 silly resolved        rimraf: '~2.2.0',
92 silly resolved        semver: '~2.1.0',
92 silly resolved        'stringify-object': '~0.1.4',
92 silly resolved        'sudo-block': '~0.2.0',
92 silly resolved        tar: '~0.1.17',
92 silly resolved        tmp: '~0.0.20',
92 silly resolved        unzip: '~0.1.7',
92 silly resolved        'update-notifier': '~0.1.3',
92 silly resolved        which: '~1.0.5' },
92 silly resolved     devDependencies:
92 silly resolved      { 'expect.js': '~0.2.0',
92 silly resolved        grunt: '~0.4.1',
92 silly resolved        'grunt-simple-mocha': '~0.4.0',
92 silly resolved        'grunt-contrib-watch': '~0.5.0',
92 silly resolved        'grunt-contrib-jshint': '~0.6.0',
92 silly resolved        'grunt-exec': '~0.4.2',
92 silly resolved        mocha: '~1.12.0',
92 silly resolved        nock: '~0.22.0',
92 silly resolved        istanbul: '~0.1.42',
92 silly resolved        proxyquire: '~0.5.0' },
92 silly resolved     scripts: { test: 'grunt test' },
92 silly resolved     bin: { bower: 'bin/bower' },
92 silly resolved     preferGlobal: true,
92 silly resolved     readme: '# BOWER [![Build Status](https://secure.travis-ci.org/bower/bower.png?branch=master)](http://travis-ci.org/bower/bower)\n\nBower is a package manager for the web. It offers a generic, unopinionated\nsolution to the problem of **front-end package management**, while exposing the\npackage dependency model via an API that can be consumed by a more opinionated\nbuild stack. There are no system wide dependencies, no dependencies are shared\nbetween different apps, and the dependency tree is flat.\n\nBower runs over Git, and is package-agnostic. A packaged component can be made\nup of any type of asset, and use any type of transport (e.g., AMD, CommonJS,\netc.).\n\n[View all packages available through Bower\'s registry](http://sindresorhus.com/bower-components/).\n\n\n## Installing Bower\n\nBower depends on [Node](http://nodejs.org/) and [npm](http://npmjs.org/). It\'s\ninstalled globally using npm:\n\n```\nnpm install -g bower\n```\n\nAlso make sure that [git](http://git-scm.com/) is installed as some bower\npackages require it to be fetched and installed.\n\n\n## Usage\n\nMuch more information is available via `bower help` once it\'s installed. This\nis just enough to get you started.\n\n#### Warning\n\nOn `prezto` or `oh-my-zsh`, do not forget to `alias bower=\'noglob bower\'` or `bower install jquery\\#1.9.1`\n\n#### Running commands with sudo\n\nBower is a user command, there is no need to execute it with superuser permissions.\nHowever, if you still want to run commands with sudo, use `--allow-root` option.\n\n### Installing packages and dependencies\n\nBower offers several ways to install packages:\n\n```\n# Using the dependencies listed in the current directory\'s bower.json\nbower install\n# Using a local or remote package\nbower install <package>\n# Using a specific version of a package\nbower install <package>#<version>\n# Using a different name and a specific version of a package\nbower install <name>=<package>#<version>\n```\n\nWhere `<package>` can be any one of the following:\n\n* A name that maps to a package registered with Bower, e.g, `jquery`. ‡\n* A remote Git endpoint, e.g., `git://github.com/someone/some-package.git`. Can be\n  public or private. ‡\n* A local endpoint, i.e., a folder that\'s a Git repository. ‡\n* A shorthand endpoint, e.g., `someone/some-package` (defaults to GitHub). ‡\n* A URL to a file, including `zip` and `tar` files. Its contents will be\n  extracted.\n\n‡ These types of `<package>` might have versions available. You can specify a\n[semver](http://semver.org/) compatible version to fetch a specific release, and lock the\npackage to that version. You can also use ranges to specify a range of versions.\n\nAll package contents are installed in the `bower_components` directory by default.\nYou should **never** directly modify the contents of this directory.\n\nUsing `bower list` will show all the packages that are installed locally.\n\n**N.B.** If you aren\'t authoring a package that is intended to be consumed by\nothers (e.g., you\'re building a web app), you should always check installed\npackages into source control.\n\n### Finding packages\n\nTo search for packages registered with Bower:\n\n```\nbower search [<name>]\n```\n\nUsing just `bower search` will list all packages in the registry.\n\n### Using packages\n\nThe easiest approach is to use Bower statically, just reference the package\'s\ninstalled components manually using a `script` tag:\n\n```html\n<script src="/bower_components/jquery/index.js"></script>\n```\n\nFor more complex projects, you\'ll probably want to concatenate your scripts or\nuse a module loader. Bower is just a package manager, but there are plenty of\nother tools -- such as [Sprockets](https://github.com/sstephenson/sprockets)\nand [RequireJS](http://requirejs.org/) -- that will help you do this.\n\n### Registering packages\n\nTo register a new package:\n\n* There **must** be a valid manifest JSON in the current working directory.\n* Your package should use [semver](http://semver.org/) Git tags.\n* Your package **must** be available at a Git endpoint (e.g., GitHub); remember\n  to push your Git tags!\n\nThen use the following command:\n\n```\nbower register <my-package-name> <git-endpoint>\n```\n\nThe Bower registry does not have authentication or user management at this point\nin time. It\'s on a first come, first served basis. Think of it like a URL\nshortener. Now anyone can run `bower install <my-package-name>`, and get your\nlibrary installed.\n\nThere is no direct way to unregister a package yet. For now, you can [request a\npackage be unregistered](https://github.com/bower/bower/issues/120).\n\n### Uninstalling packages\n\nTo uninstall a locally installed package:\n\n```\nbower uninstall <package-name>\n```\n\n\n## Configuration\n\nBower can be configured using JSON in a `.bowerrc` file.\n\nThe current spec can be read\n[here](https://docs.google.com/document/d/1APq7oA9tNao1UYWyOm8dKqlRP2blVkROYLZ2fLIjtWc/edit#heading=h.4pzytc1f9j8k)\nin the `Configuration` section.\n\n\n## Defining a package\n\nYou must create a `bower.json` in your project\'s root, and specify all of its\ndependencies. This is similar to Node\'s `package.json`, or Ruby\'s `Gemfile`,\nand is useful for locking down a project\'s dependencies.\n\n*NOTE:* In versions of Bower before 0.9.0 the package metadata file was called\n`component.json` rather than `bower.json`. This has changed to avoid a name\nclash with another tool. You can still use `component.json` for now but it is\ndeprecated and the automatic fallback is likely to be removed in an upcoming\nrelease.\n\nYou can interactively create a `bower.json` with the following command:\n\n```\nbower init\n```\n\nThe `bower.json` defines several options:\n\n* `name` (required): The name of your package.\n* `version`: A semantic version number (see [semver](http://semver.org/)).\n* `main` [string|array]: The primary endpoints of your package.\n* `ignore` [array]: An array of paths not needed in production that you want\n  Bower to ignore when installing your package.\n* `dependencies` [hash]: Packages your package depends upon in production.\n* `devDependencies` [hash]: Development dependencies.\n* `private` [boolean]: Set to true if you want to keep the package private and \n  do not want to register the package in future.\n\n```json\n{\n  "name": "my-project",\n  "version": "1.0.0",\n  "main": "path/to/main.css",\n  "ignore": [\n    ".jshintrc",\n    "**/*.txt"\n  ],\n  "dependencies": {\n    "<name>": "<version>",\n    "<name>": "<folder>",\n    "<name>": "<package>"\n  },\n  "devDependencies": {\n    "<test-framework-name>": "<version>"\n  }\n}\n```\n\n\n## Consuming a package\n\nBower also makes available a source mapping. This can be used by build tools to\neasily consume Bower packages.\n\nIf you pass the `--paths` option to Bower\'s `list` command, you will get a\nsimple path-to-name mapping:\n\n```json\n{\n  "backbone": "bower_components/backbone/index.js",\n  "jquery": "bower_components/jquery/index.js",\n  "underscore": "bower_components/underscore/index.js"\n}\n```\n\nAlternatively, every command supports the `--json` option that makes bower\noutput JSON. Command result is outputted to `stdout` and error/logs to\n`stderr`.\n\n\n## Programmatic API\n\nBower provides a powerful, programmatic API. All commands can be accessed\nthrough the `bower.commands` object.\n\n```js\nvar bower = require(\'bower\');\n\nbower.commands\n.install([\'jquery\'], { save: true }, { /* custom config */ })\n.on(\'end\', function (installed) {\n    console.log(installed);\n});\n\nbower.commands\n.search(\'jquery\', {})\n.on(\'end\', function (results) {\n    console.log(results);\n});\n```\n\nCommands emit four types of events: `log`, `prompt`, `end`, `error`.\n\n* `log` is emitted to report the state/progress of the command.\n* `prompt` is emitted whenever the user needs to be prompted.\n* `error` will only be emitted if something goes wrong.\n* `end` is emitted when the command successfully ends.\n\nFor a better of idea how this works, you may want to check out [our bin\nfile](https://github.com/bower/bower/blob/master/bin/bower).\n\nWhen using bower programmatically, prompting is disabled by default. Though you can enable it when calling commands with `interactive: true` in the config.\nThis requires you to listen for the `prompt` event and handle the prompting yourself. The easiest way is to use the [inquirer](https://npmjs.org/package/inquirer) npm module like so:\n\n```js\nvar inquirer =  require(\'inquirer\');\n\nbower.commands\n.install([\'jquery\'], { save: true }, { interactive: true })\n// ..\n.on(\'prompt\', function (prompts, callback) {\n    inquirer.prompt(prompts, callback);\n});\n```\n\n\n## Completion (experimental)\n\n_NOTE_: Completion is still not implemented for the 1.0.0 release\n\nBower now has an experimental `completion` command that is based on, and works\nsimilarly to the [npm completion](https://npmjs.org/doc/completion.html). It is\nnot available for Windows users.\n\nThis command will output a Bash / ZSH script to put into your `~/.bashrc`,\n`~/.bash_profile`, or `~/.zshrc` file.\n\n```\nbower completion >> ~/.bash_profile\n```\n\n\n## A note for Windows users\n\nTo use Bower on Windows, you must install\n[msysgit](http://code.google.com/p/msysgit/) correctly. Be sure to check the\noption shown below:\n\n![msysgit](http://f.cl.ly/items/2V2O3i1p3R2F1r2v0a12/mysgit.png)\n\nNote that if you use TortoiseGit and if Bower keeps asking for your SSH\npassword, you should add the following environment variable: `GIT_SSH -\nC:\\Program Files\\TortoiseGit\\bin\\TortoisePlink.exe`. Adjust the `TortoisePlink`\npath if needed.\n\n\n## Contact\n\nHave a question?\n\n* [StackOverflow](http://stackoverflow.com/questions/tagged/bower)\n* [Mailinglist](http://groups.google.com/group/twitter-bower) - twitter-bower@googlegroups.com\n* [\\#bower](http://webchat.freenode.net/?channels=bower) on Freenode\n\n\n## Contributing to this project\n\nAnyone and everyone is welcome to contribute. Please take a moment to\nreview the [guidelines for contributing](CONTRIBUTING.md).\n\n* [Bug reports](CONTRIBUTING.md#bugs)\n* [Feature requests](CONTRIBUTING.md#features)\n* [Pull requests](CONTRIBUTING.md#pull-requests)\n\n\n## Authors\n\n* [@fat](https://github.com/fat)\n* [@maccman](https://github.com/maccman)\n* [@satazor](https://github.com/satazor)\n\nThanks for assistance and contributions:\n\n[@addyosmani](https://github.com/addyosmani),\n[@angus-c](https://github.com/angus-c),\n[@borismus](https://github.com/borismus),\n[@carsonmcdonald](https://github.com/carsonmcdonald),\n[@chriseppstein](https://github.com/chriseppstein),\n[@danwrong](https://github.com/danwrong),\n[@davidmaxwaterman](https://github.com/davidmaxwaterman),\n[@desandro](https://github.com/desandro),\n[@hemanth](https://github.com/hemanth),\n[@isaacs](https://github.com/isaacs),\n[@josh](https://github.com/josh),\n[@jrburke](https://github.com/jrburke),\n[@marcelombc](https://github.com/marcelombc),\n[@marcooliveira](https://github.com/marcooliveira),\n[@mklabs](https://github.com/mklabs),\n[@MrDHat](https://github.com/MrDHat),\n[@necolas](https://github.com/necolas),\n[@paulirish](https://github.com/paulirish),\n[@richo](https://github.com/richo),\n[@rvagg](https://github.com/rvagg),\n[@sindresorhus](https://github.com/sindresorhus),\n[@SlexAxton](https://github.com/SlexAxton),\n[@sstephenson](https://github.com/sstephenson),\n[@svnlto](https://github.com/svnlto),\n[@tomdale](https://github.com/tomdale),\n[@uzquiano](https://github.com/uzquiano),\n[@visionmedia](https://github.com/visionmedia),\n[@wagenet](https://github.com/wagenet),\n[@wibblymat](https://github.com/wibblymat),\n[@wycats](https://github.com/wycats)\n\n\n## License\n\nCopyright 2012 Twitter, Inc.\n\nLicensed under the MIT License\n',
92 silly resolved     _id: 'bower@1.2.6',
92 silly resolved     _from: 'bower' } ]
93 info install karma@0.10.2 into /opt/boxen/nodenv/versions/v0.8/lib
94 info install grunt-cli@0.1.9 into /opt/boxen/nodenv/versions/v0.8/lib
95 info install bower@1.2.6 into /opt/boxen/nodenv/versions/v0.8/lib
96 info installOne karma@0.10.2
97 info installOne grunt-cli@0.1.9
98 info installOne bower@1.2.6
99 verbose from cache /Users/hackreactor/.npm/karma/0.10.2/package/package.json
100 info /opt/boxen/nodenv/versions/v0.8/lib/node_modules/karma unbuild
101 verbose read json /opt/boxen/nodenv/versions/v0.8/lib/node_modules/karma/package.json
102 verbose from cache /Users/hackreactor/.npm/grunt-cli/0.1.9/package/package.json
103 verbose from cache /Users/hackreactor/.npm/bower/1.2.6/package/package.json
104 info /opt/boxen/nodenv/versions/v0.8/lib/node_modules/grunt-cli unbuild
105 verbose read json /opt/boxen/nodenv/versions/v0.8/lib/node_modules/grunt-cli/package.json
106 info /opt/boxen/nodenv/versions/v0.8/lib/node_modules/bower unbuild
107 verbose read json /opt/boxen/nodenv/versions/v0.8/lib/node_modules/bower/package.json
108 verbose tar unpack /Users/hackreactor/.npm/karma/0.10.2/package.tgz
109 silly lockFile cdd2b2d6-ions-v0-8-lib-node-modules-karma /opt/boxen/nodenv/versions/v0.8/lib/node_modules/karma
110 verbose lock /opt/boxen/nodenv/versions/v0.8/lib/node_modules/karma /Users/hackreactor/.npm/cdd2b2d6-ions-v0-8-lib-node-modules-karma.lock
111 silly gunzTarPerm modes [ '777', '666' ]
112 info preuninstall grunt-cli@0.1.9
113 info uninstall grunt-cli@0.1.9
114 verbose true,/opt/boxen/nodenv/versions/v0.8/lib/node_modules,/opt/boxen/nodenv/versions/v0.8/lib/node_modules unbuild grunt-cli@0.1.9
115 verbose /opt/boxen/nodenv/versions/v0.8/bin,[object Object] binRoot
116 info preuninstall bower@1.2.6
117 info uninstall bower@1.2.6
118 verbose true,/opt/boxen/nodenv/versions/v0.8/lib/node_modules,/opt/boxen/nodenv/versions/v0.8/lib/node_modules unbuild bower@1.2.6
119 verbose /opt/boxen/nodenv/versions/v0.8/bin,[object Object] binRoot
120 info postuninstall grunt-cli@0.1.9
121 info /opt/boxen/nodenv/versions/v0.8/lib/node_modules/bower unbuild
122 verbose read json /opt/boxen/nodenv/versions/v0.8/lib/node_modules/bower/package.json
123 silly gunzTarPerm extractEntry package.json
124 silly gunzTarPerm extractEntry README.md
125 silly gunzTarPerm extractEntry LICENSE
126 info preuninstall bower@1.2.6
127 silly gunzTarPerm extractEntry config.tpl.js
128 info uninstall bower@1.2.6
129 silly gunzTarPerm extractEntry karma-completion.sh
130 silly gunzTarPerm extractEntry lib/browser.js
131 verbose true,/opt/boxen/nodenv/versions/v0.8/lib/node_modules,/opt/boxen/nodenv/versions/v0.8/lib/node_modules unbuild bower@1.2.6
132 verbose /opt/boxen/nodenv/versions/v0.8/bin,[object Object] binRoot
133 silly gunzTarPerm extractEntry lib/executor.js
134 silly gunzTarPerm extractEntry lib/file-list.js
135 silly gunzTarPerm extractEntry lib/helper.js
136 error error rolling back Error: EPERM, chmod '/opt/boxen/nodenv/versions/v0.8/bin/bower'
136 error error rolling back  bower@1.2.6 { [Error: EPERM, chmod '/opt/boxen/nodenv/versions/v0.8/bin/bower']
136 error error rolling back   errno: 50,
136 error error rolling back   code: 'EPERM',
136 error error rolling back   path: '/opt/boxen/nodenv/versions/v0.8/bin/bower' }
137 error Error: EPERM, chmod '/opt/boxen/nodenv/versions/v0.8/bin/bower'
137 error  { [Error: EPERM, chmod '/opt/boxen/nodenv/versions/v0.8/bin/bower']
137 error   errno: 50,
137 error   code: 'EPERM',
137 error   path: '/opt/boxen/nodenv/versions/v0.8/bin/bower' }
138 error Please try running this command again as root/Administrator.
139 error System Darwin 12.4.0
140 error command "/opt/boxen/nodenv/versions/v0.8/bin/node" "/opt/boxen/nodenv/versions/v0.8/bin/npm" "install" "-g" "karma" "grunt-cli" "bower"
141 error cwd /Users/hackreactor/code/rubenabergel/purpleT
142 error node -v v0.8.8
143 error npm -v 1.1.59
144 error path /opt/boxen/nodenv/versions/v0.8/bin/bower
145 error code EPERM
146 error errno 50
147 error stack Error: EPERM, chmod '/opt/boxen/nodenv/versions/v0.8/bin/bower'
148 verbose exit [ 50, true ]
